# LiteX build log
# Started: 2026-07-16T10:12:38
# Command: ./colorlight_i5.py --board=i9 --revision=7.2 --build
# Working directory: /home/cristhianhendes/digital_2/Digital-2/calculadora

INFO:SoC:        __   _ __      _  __  
INFO:SoC:       / /  (_) /____ | |/_/  
INFO:SoC:      / /__/ / __/ -_)>  <    
INFO:SoC:     /____/_/\__/\__/_/|_|  
INFO:SoC:  Build your hardware, easily!
INFO:SoC:--------------------------------------------------------------------------------
INFO:SoC:Creating SoC... (2026-07-16 10:12:38)
INFO:SoC:--------------------------------------------------------------------------------
INFO:SoC:FPGA device : LFE5U-45F-6BG381C.
INFO:SoC:System clock: 60.000MHz.
INFO:SoCBusHandler:Creating Bus Handler...
INFO:SoCBusHandler:32-bit wishbone Bus, 4.0GiB Address Space.
INFO:SoCBusHandler:Adding reserved Bus Regions...
INFO:SoCBusHandler:Bus Handler created.
INFO:SoCCSRHandler:Creating CSR Handler...
INFO:SoCCSRHandler:32-bit CSR Bus, 32-bit Aligned, 16.0KiB Address Space, 2048B Paging, big Ordering (Up to 32 Locations).
INFO:SoCCSRHandler:Adding reserved CSRs...
INFO:SoCCSRHandler:CSR Handler created.
INFO:SoCIRQHandler:Creating IRQ Handler...
INFO:SoCIRQHandler:IRQ Handler (up to 32 Locations).
INFO:SoCIRQHandler:Adding reserved IRQs...
INFO:SoCIRQHandler:IRQ Handler created.
INFO:SoC:--------------------------------------------------------------------------------
INFO:SoC:Initial SoC:
INFO:SoC:--------------------------------------------------------------------------------
INFO:SoC:32-bit wishbone Bus, 4.0GiB Address Space.
INFO:SoC:32-bit CSR Bus, 32-bit Aligned, 16.0KiB Address Space, 2048B Paging, big Ordering (Up to 32 Locations).
INFO:SoC:IRQ Handler (up to 32 Locations).
INFO:SoC:--------------------------------------------------------------------------------
INFO:SoC:Controller ctrl added.
INFO:SoC:CPU vexriscv added.
INFO:SoC:CPU vexriscv adding IO Region 0 at 0x80000000 (Size: 0x80000000).
INFO:SoCBusHandler:io0 Region added at Origin: 0x80000000, Size: 0x80000000, Mode:  RW, Cached: False, Linker: False.
INFO:SoC:CPU vexriscv overriding sram mapping from 0x01000000 to 0x10000000.
INFO:SoC:CPU vexriscv setting reset address to 0x00000000.
INFO:SoC:CPU vexriscv adding Bus Master(s).
INFO:SoCBusHandler:cpu_bus0 added as Bus Master.
INFO:SoCBusHandler:cpu_bus1 added as Bus Master.
INFO:SoC:CPU vexriscv adding Interrupt(s).
INFO:SoC:CPU vexriscv adding SoC components.
INFO:SoCBusHandler:rom Region added at Origin: 0x00000000, Size: 0x00020000, Mode:  RX, Cached:  True, Linker: False.
INFO:SoCBusHandler:rom added as Bus Slave.
INFO:SoC:RAM rom added Origin: 0x00000000, Size: 0x00020000, Mode:  RX, Cached:  True, Linker: False.
INFO:SoCBusHandler:sram Region added at Origin: 0x10000000, Size: 0x00002000, Mode: RWX, Cached:  True, Linker: False.
INFO:SoCBusHandler:sram added as Bus Slave.
INFO:SoC:RAM sram added Origin: 0x10000000, Size: 0x00002000, Mode: RWX, Cached:  True, Linker: False.
INFO:SoCIRQHandler:uart IRQ allocated at Location 0.
INFO:SoCIRQHandler:timer0 IRQ allocated at Location 1.
INFO:SoCBusHandler:disp0_dma added as Bus Master.
INFO:SoCBusHandler:Allocating Cached Region of size 0x00800000...
INFO:SoCBusHandler:spiflash Region allocated at Origin: 0x00800000, Size: 0x00800000, Mode:  RX, Cached:  True, Linker: False.
INFO:SoCBusHandler:spiflash Bus offset by 0x00800000.
INFO:SoCBusHandler:spiflash added as Bus Slave.
INFO:SoCBusHandler:main_ram Region added at Origin: 0x40000000, Size: 0x00800000, Mode: RWX, Cached:  True, Linker: False.
INFO:SoCBusHandler:main_ram added as Bus Slave.
INFO:SoC:CSR Bridge csr added.
INFO:SoCBusHandler:csr Region added at Origin: 0xf0000000, Size: 0x00010000, Mode:  RW, Cached: False, Linker: False.
INFO:SoCBusHandler:csr added as Bus Slave.
INFO:SoCCSRHandler:csr added as CSR Master.
INFO:SoCBusHandler:Interconnect: InterconnectShared (3 <-> 5).
INFO:SoCCSRHandler:add0 CSR allocated at Location 0.
INFO:SoCCSRHandler:ctrl CSR allocated at Location 1.
INFO:SoCCSRHandler:disp0 CSR allocated at Location 2.
INFO:SoCCSRHandler:disp0_dma CSR allocated at Location 3.
INFO:SoCCSRHandler:div0 CSR allocated at Location 4.
INFO:SoCCSRHandler:identifier_mem CSR allocated at Location 5.
INFO:SoCCSRHandler:leds CSR allocated at Location 6.
INFO:SoCCSRHandler:mult0 CSR allocated at Location 7.
INFO:SoCCSRHandler:sdram CSR allocated at Location 8.
INFO:SoCCSRHandler:spiflash CSR allocated at Location 9.
INFO:SoCCSRHandler:sub0 CSR allocated at Location 10.
INFO:SoCCSRHandler:timer0 CSR allocated at Location 11.
INFO:SoCCSRHandler:uart CSR allocated at Location 12.
INFO:SoC:--------------------------------------------------------------------------------
INFO:SoC:Finalized SoC:
INFO:SoC:--------------------------------------------------------------------------------
INFO:SoC:32-bit wishbone Bus, 4.0GiB Address Space.
IO Regions: (1)
io0                 : Origin: 0x80000000, Size: 0x80000000, Mode:  RW, Cached: False, Linker: False
Bus Regions: (5)
rom                 : Origin: 0x00000000, Size: 0x00020000, Mode:  RX, Cached:  True, Linker: False
spiflash            : Origin: 0x00800000, Size: 0x00800000, Mode:  RX, Cached:  True, Linker: False
sram                : Origin: 0x10000000, Size: 0x00002000, Mode: RWX, Cached:  True, Linker: False
main_ram            : Origin: 0x40000000, Size: 0x00800000, Mode: RWX, Cached:  True, Linker: False
csr                 : Origin: 0xf0000000, Size: 0x00010000, Mode:  RW, Cached: False, Linker: False
Bus Masters: (3)
- cpu_bus0          : rw
- cpu_bus1          : rw
- disp0_dma         : rw
Bus Slaves: (5)
- rom               : r
- sram              : rw
- spiflash          : r
- main_ram          : rw
- csr               : rw
INFO:SoC:32-bit CSR Bus, 32-bit Aligned, 16.0KiB Address Space, 2048B Paging, big Ordering (Up to 32 Locations).
CSR Locations: (13)
- add0           : 0
- ctrl           : 1
- disp0          : 2
- disp0_dma      : 3
- div0           : 4
- identifier_mem : 5
- leds           : 6
- mult0          : 7
- sdram          : 8
- spiflash       : 9
- sub0           : 10
- timer0         : 11
- uart           : 12
INFO:SoC:IRQ Handler (up to 32 Locations).
IRQ Locations: (2)
- uart   : 0
- timer0 : 1
INFO:SoC:--------------------------------------------------------------------------------
INFO:ECP5PLL:Config:
clki_div   : 1
clkfb      : 2
clko0_freq : 60.00MHz
clko0_div  : 10
clko0_phase: 0.00°
clko1_freq : 60.00MHz
clko1_div  : 10
clko1_phase: 180.00°
clko2_div  : 1
vco        : 600.00MHz
clkfb_div  : 24
INFO:SoC:--------------------------------------------------------------------------------
INFO:SoC:SoC Hierarchy:
INFO:SoC:--------------------------------------------------------------------------------
INFO:SoC:
BaseSoC
├── crg (_CRG)
│    └── pll (ECP5PLL)
│         └── [BB:EHXPLLL]
├── bus (SoCBusHandler)
│    ├── offset_0 (Offset) [Gen]
│    └── _interconnect (InterconnectShared)
│         ├── arbiter (Arbiter)
│         │    └── rr (RoundRobin)
│         ├── decoder (Decoder)
│         └── timeout (Timeout)
│              └── waittimer_0 (WaitTimer) [Gen]
├── csr (SoCCSRHandler)
├── irq (SoCIRQHandler)
├── ctrl (SoCController)
├── cpu (VexRiscv)
│    └── [BB:VexRiscv]
├── rom (SRAM)
├── sram (SRAM)
├── identifier (Identifier)
├── uart (UART)
│    ├── ev (EventManager)
│    │    ├── eventsourcelevel_0 (EventSourceLevel) [Gen]
│    │    └── eventsourcelevel_1 (EventSourceLevel) [Gen]
│    ├── phy (RS232PHY)
│    │    ├── tx (RS232PHYTX)
│    │    │    ├── clk_phase_accum (RS232ClkPhaseAccum)
│    │    │    └── fsm (FSM)
│    │    └── rx (RS232PHYRX)
│    │         ├── clk_phase_accum (RS232ClkPhaseAccum)
│    │         └── fsm (FSM)
│    ├── tx_fifo (SyncFIFO)
│    │    └── fifo (SyncFIFOBuffered)
│    │         └── fifo (SyncFIFO)
│    └── rx_fifo (SyncFIFO)
│         └── fifo (SyncFIFOBuffered)
│              └── fifo (SyncFIFO)
├── timer0 (Timer)
│    └── ev (EventManager)
│         └── eventsourceprocess_0 (EventSourceProcess) [Gen]
├── leds (LedChaser)
│    └── waittimer_0 (WaitTimer) [Gen]
├── mult0 (Mult32)
│    └── [BB:mult_32]
├── div0 (Div32)
│    └── divider (Divider)
├── add0 (Add32)
├── sub0 (Sub32)
├── disp0 (WS2812)
│    ├── loader (WS2812StreamLoader)
│    └── [BB:ws2812_periph]
├── disp0_dma (WishboneDMAReader)
│    ├── fifo (SyncFIFO)
│    │    └── fifo (SyncFIFO)
│    └── fsm (FSM)
├── spiflash (LiteSPI)
│    ├── crossbar (LiteSPICrossbar)
│    │    ├── rr (RoundRobin)
│    │    ├── tx_mux (Multiplexer)
│    │    └── rx_demux (Demultiplexer)
│    ├── mmap (LiteSPIMMAP)
│    │    ├── burst_timeout (WaitTimer)
│    │    └── fsm (FSM)
│    ├── master (LiteSPIMaster)
│    │    ├── tx_fifo (SyncFIFO)
│    │    │    └── buffer_0 (Buffer) [Gen]
│    │    │         ├── pipe_valid (PipeValid)
│    │    │         └── pipeline (Pipeline)
│    │    └── rx_fifo (SyncFIFO)
│    │         └── buffer_0 (Buffer) [Gen]
│    │              ├── pipe_valid (PipeValid)
│    │              └── pipeline (Pipeline)
│    └── phy (LiteSPIPHY)
│         └── spiflash_phy (LiteSPISDRPHYCore)
│              ├── resyncreg_0 (ResyncReg) [Gen]
│              ├── clkgen (LiteSPIClkGen)
│              │    └── [BB:USRMCLK]
│              ├── resyncreg_1 (ResyncReg) [Gen]
│              ├── cs_control (LiteSPICSControl)
│              │    └── timer (WaitTimer)
│              └── fsm (FSM)
├── sdrphy (GENSDRPHY)
├── sdram (LiteDRAMCore)
│    ├── dfii (DFIInjector)
│    │    └── pi0 (PhaseInjector)
│    ├── controller (LiteDRAMController)
│    │    ├── refresher (Refresher)
│    │    │    ├── timer (RefreshTimer)
│    │    │    ├── postponer (RefreshPostponer)
│    │    │    ├── sequencer (RefreshSequencer)
│    │    │    │    └── refreshexecuter_0 (RefreshExecuter) [Gen]
│    │    │    └── fsm (FSM)
│    │    ├── bankmachine_0 (BankMachine) [Gen]
│    │    │    ├── syncfifo_0 (SyncFIFO) [Gen]
│    │    │    │    └── fifo (SyncFIFO)
│    │    │    ├── buffer_0 (Buffer) [Gen]
│    │    │    │    ├── pipe_valid (PipeValid)
│    │    │    │    └── pipeline (Pipeline)
│    │    │    ├── twtpcon (tXXDController)
│    │    │    ├── trccon (tXXDController)
│    │    │    ├── trascon (tXXDController)
│    │    │    └── fsm (FSM)
│    │    ├── bankmachine_1 (BankMachine) [Gen]
│    │    │    ├── syncfifo_0 (SyncFIFO) [Gen]
│    │    │    │    └── fifo (SyncFIFO)
│    │    │    ├── buffer_0 (Buffer) [Gen]
│    │    │    │    ├── pipe_valid (PipeValid)
│    │    │    │    └── pipeline (Pipeline)
│    │    │    ├── twtpcon (tXXDController)
│    │    │    ├── trccon (tXXDController)
│    │    │    ├── trascon (tXXDController)
│    │    │    └── fsm (FSM)
│    │    ├── bankmachine_2 (BankMachine) [Gen]
│    │    │    ├── syncfifo_0 (SyncFIFO) [Gen]
│    │    │    │    └── fifo (SyncFIFO)
│    │    │    ├── buffer_0 (Buffer) [Gen]
│    │    │    │    ├── pipe_valid (PipeValid)
│    │    │    │    └── pipeline (Pipeline)
│    │    │    ├── twtpcon (tXXDController)
│    │    │    ├── trccon (tXXDController)
│    │    │    ├── trascon (tXXDController)
│    │    │    └── fsm (FSM)
│    │    ├── bankmachine_3 (BankMachine) [Gen]
│    │    │    ├── syncfifo_0 (SyncFIFO) [Gen]
│    │    │    │    └── fifo (SyncFIFO)
│    │    │    ├── buffer_0 (Buffer) [Gen]
│    │    │    │    ├── pipe_valid (PipeValid)
│    │    │    │    └── pipeline (Pipeline)
│    │    │    ├── twtpcon (tXXDController)
│    │    │    ├── trccon (tXXDController)
│    │    │    ├── trascon (tXXDController)
│    │    │    └── fsm (FSM)
│    │    └── multiplexer (Multiplexer)
│    │         ├── choose_cmd (_CommandChooser)
│    │         │    └── roundrobin_0 (RoundRobin) [Gen]
│    │         ├── choose_req (_CommandChooser)
│    │         │    └── roundrobin_0 (RoundRobin) [Gen]
│    │         ├── _steerer_0 (_Steerer) [Gen]
│    │         ├── trrdcon (tXXDController)
│    │         ├── tfawcon (tFAWController)
│    │         ├── tccdcon (tXXDController)
│    │         ├── twtrcon (tXXDController)
│    │         └── fsm (FSM)
│    └── crossbar (LiteDRAMCrossbar)
│         ├── roundrobin_0 (RoundRobin) [Gen]
│         ├── roundrobin_1 (RoundRobin) [Gen]
│         ├── roundrobin_2 (RoundRobin) [Gen]
│         └── roundrobin_3 (RoundRobin) [Gen]
├── l2_cache (Cache)
│    └── fsm (FSM)
├── wishbone_bridge (LiteDRAMWishbone2Native)
│    ├── litedramnativeportconverter_0 (LiteDRAMNativePortConverter) [Gen]
│    │    └── converter (LiteDRAMNativePortDownConverter)
│    │         ├── fsm (FSM)
│    │         ├── strideconverter_0 (StrideConverter) [Gen]
│    │         │    └── converter_0 (Converter) [Gen]
│    │         │         └── _downconverter_0 (_DownConverter) [Gen]
│    │         ├── pipeline_0 (Pipeline) [Gen]
│    │         ├── strideconverter_1 (StrideConverter) [Gen]
│    │         │    └── converter_0 (Converter) [Gen]
│    │         │         └── _upconverter_0 (_UpConverter) [Gen]
│    │         └── pipeline_1 (Pipeline) [Gen]
│    └── fsm (FSM)
├── csr_bridge (Wishbone2CSR)
│    └── fsm (FSM)
├── csr_bankarray (CSRBankArray)
│    ├── csrbank_0 (CSRBank) [Gen]
│    │    ├── csrstorage_0 (CSRStorage) [Gen]
│    │    ├── csrstorage_1 (CSRStorage) [Gen]
│    │    └── csrstatus_0 (CSRStatus) [Gen]
│    ├── csrbank_1 (CSRBank) [Gen]
│    │    ├── csrstorage_0 (CSRStorage) [Gen]
│    │    ├── csrstorage_1 (CSRStorage) [Gen]
│    │    └── csrstatus_0 (CSRStatus) [Gen]
│    ├── csrbank_2 (CSRBank) [Gen]
│    │    ├── csrstorage_0 (CSRStorage) [Gen]
│    │    ├── csrstorage_1 (CSRStorage) [Gen]
│    │    ├── csrstatus_0 (CSRStatus) [Gen]
│    │    ├── csrstorage_2 (CSRStorage) [Gen]
│    │    ├── csrstatus_1 (CSRStatus) [Gen]
│    │    └── csrstatus_2 (CSRStatus) [Gen]
│    ├── csrbank_3 (CSRBank) [Gen]
│    │    ├── csrstorage_0 (CSRStorage) [Gen]
│    │    ├── csrstorage_1 (CSRStorage) [Gen]
│    │    ├── csrstorage_2 (CSRStorage) [Gen]
│    │    ├── csrstatus_0 (CSRStatus) [Gen]
│    │    ├── csrstorage_3 (CSRStorage) [Gen]
│    │    └── csrstatus_1 (CSRStatus) [Gen]
│    ├── csrbank_4 (CSRBank) [Gen]
│    │    ├── csrstorage_0 (CSRStorage) [Gen]
│    │    ├── csrstorage_1 (CSRStorage) [Gen]
│    │    ├── csrstorage_2 (CSRStorage) [Gen]
│    │    ├── csrstatus_0 (CSRStatus) [Gen]
│    │    ├── csrstatus_1 (CSRStatus) [Gen]
│    │    └── csrstatus_2 (CSRStatus) [Gen]
│    ├── sram_0 (SRAM) [Gen]
│    ├── csrbank_5 (CSRBank) [Gen]
│    │    └── csrstorage_0 (CSRStorage) [Gen]
│    ├── csrbank_6 (CSRBank) [Gen]
│    │    ├── csrstorage_0 (CSRStorage) [Gen]
│    │    ├── csrstorage_1 (CSRStorage) [Gen]
│    │    ├── csrstorage_2 (CSRStorage) [Gen]
│    │    ├── csrstatus_0 (CSRStatus) [Gen]
│    │    └── csrstatus_1 (CSRStatus) [Gen]
│    ├── csrbank_7 (CSRBank) [Gen]
│    │    ├── csrstorage_0 (CSRStorage) [Gen]
│    │    ├── csrstorage_1 (CSRStorage) [Gen]
│    │    ├── csrstorage_2 (CSRStorage) [Gen]
│    │    ├── csrstorage_3 (CSRStorage) [Gen]
│    │    ├── csrstorage_4 (CSRStorage) [Gen]
│    │    └── csrstatus_0 (CSRStatus) [Gen]
│    ├── csrbank_8 (CSRBank) [Gen]
│    │    ├── csrstorage_0 (CSRStorage) [Gen]
│    │    ├── csrstorage_1 (CSRStorage) [Gen]
│    │    ├── csrstorage_2 (CSRStorage) [Gen]
│    │    ├── csrstorage_3 (CSRStorage) [Gen]
│    │    ├── csrstorage_4 (CSRStorage) [Gen]
│    │    ├── csrstorage_5 (CSRStorage) [Gen]
│    │    ├── csrstatus_0 (CSRStatus) [Gen]
│    │    └── csrstorage_6 (CSRStorage) [Gen]
│    ├── csrbank_9 (CSRBank) [Gen]
│    │    ├── csrstorage_0 (CSRStorage) [Gen]
│    │    ├── csrstorage_1 (CSRStorage) [Gen]
│    │    └── csrstatus_0 (CSRStatus) [Gen]
│    ├── csrbank_10 (CSRBank) [Gen]
│    │    ├── csrstorage_0 (CSRStorage) [Gen]
│    │    ├── csrstorage_1 (CSRStorage) [Gen]
│    │    ├── csrstorage_2 (CSRStorage) [Gen]
│    │    ├── csrstorage_3 (CSRStorage) [Gen]
│    │    ├── csrstatus_0 (CSRStatus) [Gen]
│    │    ├── csrstatus_1 (CSRStatus) [Gen]
│    │    ├── csrstatus_2 (CSRStatus) [Gen]
│    │    └── csrstorage_4 (CSRStorage) [Gen]
│    └── csrbank_11 (CSRBank) [Gen]
│         ├── csrstatus_0 (CSRStatus) [Gen]
│         ├── csrstatus_1 (CSRStatus) [Gen]
│         ├── csrstatus_2 (CSRStatus) [Gen]
│         ├── csrstatus_3 (CSRStatus) [Gen]
│         ├── csrstorage_0 (CSRStorage) [Gen]
│         ├── csrstatus_4 (CSRStatus) [Gen]
│         └── csrstatus_5 (CSRStatus) [Gen]
└── csr_interconnect (InterconnectShared)
Legend:
  [Gen]: Auto-generated instance name.
  [BB:NAME]: Blackbox instance (verilog Instance).

INFO:SoC:--------------------------------------------------------------------------------
make: se entra en el directorio '/home/cristhianhendes/digital_2/Digital-2/calculadora/build/colorlight_i5/software/libc'
cp /home/cristhianhendes/litex/litex/litex/soc/software/libc/picolibc-minimal.h /home/cristhianhendes/digital_2/Digital-2/calculadora/build/colorlight_i5/software/libc/picolibc.h
printf "#define FORMAT_DEFAULT_%s\n" "INTEGER" >> /home/cristhianhendes/digital_2/Digital-2/calculadora/build/colorlight_i5/software/libc/picolibc.h
printf "#define __IO_DEFAULT '%s'\n" "i" >> /home/cristhianhendes/digital_2/Digital-2/calculadora/build/colorlight_i5/software/libc/picolibc.h
rm -f -r /home/cristhianhendes/digital_2/Digital-2/calculadora/build/colorlight_i5/software/include/../picolibc_src
cp -a /home/cristhianhendes/litex/pythondata-software-picolibc/pythondata_software_picolibc/data /home/cristhianhendes/digital_2/Digital-2/calculadora/build/colorlight_i5/software/include/../picolibc_src
if [ -d "/home/cristhianhendes/litex/litex/litex/soc/software/libc/riscv" ]; then \
	cp /home/cristhianhendes/litex/litex/litex/soc/software/libc/riscv/* /home/cristhianhendes/digital_2/Digital-2/calculadora/build/colorlight_i5/software/include/../picolibc_src/libc/machine/riscv/ ;\
fi
 CC       minimal__home_cristhianhendes_digital_2_Digital-2_calculadora_build_colorlight_i5_software_include_.._picolibc_src_libc_ctype_ctype_.o
 CC       minimal__home_cristhianhendes_digital_2_Digital-2_calculadora_build_colorlight_i5_software_include_.._picolibc_src_libc_errno_errno.o
 CC       minimal__home_cristhianhendes_digital_2_Digital-2_calculadora_build_colorlight_i5_software_include_.._picolibc_src_libc_string_strchr.o
 CC       minimal__home_cristhianhendes_digital_2_Digital-2_calculadora_build_colorlight_i5_software_include_.._picolibc_src_libc_string_strncpy.o
 CC       minimal__home_cristhianhendes_digital_2_Digital-2_calculadora_build_colorlight_i5_software_include_.._picolibc_src_libc_string_strncmp.o
 CC       minimal__home_cristhianhendes_digital_2_Digital-2_calculadora_build_colorlight_i5_software_include_.._picolibc_src_libc_string_strnlen.o
 CC       minimal__home_cristhianhendes_digital_2_Digital-2_calculadora_build_colorlight_i5_software_include_.._picolibc_src_libc_stdio_fgetc.o
 CC       minimal__home_cristhianhendes_digital_2_Digital-2_calculadora_build_colorlight_i5_software_include_.._picolibc_src_libc_stdio_fputc.o
 CC       minimal__home_cristhianhendes_digital_2_Digital-2_calculadora_build_colorlight_i5_software_include_.._picolibc_src_libc_stdio_fputs.o
 CC       minimal__home_cristhianhendes_digital_2_Digital-2_calculadora_build_colorlight_i5_software_include_.._picolibc_src_libc_stdio_printf.o
 CC       minimal__home_cristhianhendes_digital_2_Digital-2_calculadora_build_colorlight_i5_software_include_.._picolibc_src_libc_stdio_puts.o
 CC       minimal__home_cristhianhendes_digital_2_Digital-2_calculadora_build_colorlight_i5_software_include_.._picolibc_src_libc_stdio_strtoul.o
 CC       minimal__home_cristhianhendes_digital_2_Digital-2_calculadora_build_colorlight_i5_software_include_.._picolibc_src_libc_stdio_strtoull.o
 CC       minimal__home_cristhianhendes_digital_2_Digital-2_calculadora_build_colorlight_i5_software_include_.._picolibc_src_libc_stdlib_lldiv.o
 CC       minimal__home_cristhianhendes_digital_2_Digital-2_calculadora_build_colorlight_i5_software_include_.._picolibc_src_libc_machine_riscv_memmove.o
 CC       minimal__home_cristhianhendes_digital_2_Digital-2_calculadora_build_colorlight_i5_software_include_.._picolibc_src_libc_machine_riscv_memcpy-asm.o
 CC       minimal__home_cristhianhendes_digital_2_Digital-2_calculadora_build_colorlight_i5_software_include_.._picolibc_src_libc_machine_riscv_memset.o
 CC       minimal__home_cristhianhendes_digital_2_Digital-2_calculadora_build_colorlight_i5_software_include_.._picolibc_src_libc_machine_riscv_strcpy.o
 CC       minimal__home_cristhianhendes_digital_2_Digital-2_calculadora_build_colorlight_i5_software_include_.._picolibc_src_libc_machine_riscv_strcmp.o
 CC       minimal__home_cristhianhendes_digital_2_Digital-2_calculadora_build_colorlight_i5_software_include_.._picolibc_src_libc_machine_riscv_strlen.o
 CC       minimal__home_cristhianhendes_digital_2_Digital-2_calculadora_build_colorlight_i5_software_include_.._picolibc_src_libc_stdio_vfiprintf.o
 AR       __libc_minimal.a
 CC       _libc_minimal.a
 AR       _libc_minimal.a
cp __libc_minimal.a _libc_minimal.a
 CC       libc-minimal.a
 AR       libc-minimal.a
cp _libc_minimal.a libc-minimal.a
cp libc-minimal.a libc.a
make: se sale del directorio '/home/cristhianhendes/digital_2/Digital-2/calculadora/build/colorlight_i5/software/libc'
make: se entra en el directorio '/home/cristhianhendes/digital_2/Digital-2/calculadora/build/colorlight_i5/software/libcompiler_rt'
 CC       umodsi3.o
 CC       udivsi3.o
 CC       divsi3.o
 CC       modsi3.o
 CC       comparesf2.o
 CC       comparedf2.o
 CC       negsf2.o
 CC       negdf2.o
 CC       addsf3.o
 CC       subsf3.o
 CC       mulsf3.o
 CC       divsf3.o
/home/cristhianhendes/litex/pythondata-software-compiler_rt/pythondata_software_compiler_rt/data/lib/builtins/comparedf2.c:85:1: warning: function declaration isn't a prototype [-Wstrict-prototypes]
   85 | FNALIAS(__cmpdf2, __ledf2);
      | ^~~~~~~
/home/cristhianhendes/litex/pythondata-software-compiler_rt/pythondata_software_compiler_rt/data/lib/builtins/comparesf2.c:85:1: warning: function declaration isn't a prototype [-Wstrict-prototypes]
   85 | FNALIAS(__cmpsf2, __lesf2);
      | ^~~~~~~
 CC       lshrdi3.o
 CC       divdi3.o
 CC       muldi3.o
 CC       ashldi3.o
 CC       ashrdi3.o
 CC       udivmoddi4.o
 CC       floatsisf.o
 CC       floatunsisf.o
 CC       fixsfsi.o
 CC       fixdfdi.o
 CC       fixunssfsi.o
 CC       adddf3.o
 CC       fixunsdfdi.o
 CC       subdf3.o
 CC       muldf3.o
 CC       divdf3.o
 CC       floatsidf.o
 CC       floatunsidf.o
 CC       floatdidf.o
 CC       fixdfsi.o
 CC       fixunsdfsi.o
 CC       clzsi2.o
 CC       ctzsi2.o
 CC       clzdi2.o
 CC       ctzdi2.o
 CC       udivdi3.o
 CC       moddi3.o
 CC       umoddi3.o
 CC       ucmpdi2.o
 CC       mulsi3.o
 AR       libcompiler_rt.a
make: se sale del directorio '/home/cristhianhendes/digital_2/Digital-2/calculadora/build/colorlight_i5/software/libcompiler_rt'
make: se entra en el directorio '/home/cristhianhendes/digital_2/Digital-2/calculadora/build/colorlight_i5/software/libbase'
 CC       crc16.o
 CC       crc32.o
 CC       console.o
 CC       format.o
 CC       system.o
 CC       progress.o
 CC       memtest.o
 CC       uart.o
 CC       spiflash.o
 CC       i2c.o
 CC       isr.o
 CC       hyperram.o
 AR       libbase.a
make: se sale del directorio '/home/cristhianhendes/digital_2/Digital-2/calculadora/build/colorlight_i5/software/libbase'
make: se entra en el directorio '/home/cristhianhendes/digital_2/Digital-2/calculadora/build/colorlight_i5/software/libfatfs'
 CC       ffunicode.o
 CC       ff.o
 AR       libfatfs.a
make: se sale del directorio '/home/cristhianhendes/digital_2/Digital-2/calculadora/build/colorlight_i5/software/libfatfs'
make: se entra en el directorio '/home/cristhianhendes/digital_2/Digital-2/calculadora/build/colorlight_i5/software/liblitespi'
 CC       spiflash.o
 CC       spiram.o
/home/cristhianhendes/litex/litex/litex/soc/software/liblitespi/spiflash.c:106:13: warning: 'spiflash_master_write' defined but not used [-Wunused-function]
  106 | static void spiflash_master_write(uint32_t val, size_t len, size_t width, uint32_t mask)
      |             ^~~~~~~~~~~~~~~~~~~~~
 AR       liblitespi.a
make: se sale del directorio '/home/cristhianhendes/digital_2/Digital-2/calculadora/build/colorlight_i5/software/liblitespi'
make: se entra en el directorio '/home/cristhianhendes/digital_2/Digital-2/calculadora/build/colorlight_i5/software/liblitedram'
 CC       sdram.o
 CC       bist.o
 CC       sdram_dbg.o
 CC       sdram_spd.o
 CC       utils.o
 CC       accessors.o
 AR       liblitedram.a
make: se sale del directorio '/home/cristhianhendes/digital_2/Digital-2/calculadora/build/colorlight_i5/software/liblitedram'
make: se entra en el directorio '/home/cristhianhendes/digital_2/Digital-2/calculadora/build/colorlight_i5/software/libliteeth'
 CC       udp.o
 CC       tftp.o
 CC       mdio.o
 AR       libliteeth.a
make: se sale del directorio '/home/cristhianhendes/digital_2/Digital-2/calculadora/build/colorlight_i5/software/libliteeth'
make: se entra en el directorio '/home/cristhianhendes/digital_2/Digital-2/calculadora/build/colorlight_i5/software/liblitesdcard'
 CC       sdcard.o
 CC       spisdcard.o
 AR       liblitesdcard.a
make: se sale del directorio '/home/cristhianhendes/digital_2/Digital-2/calculadora/build/colorlight_i5/software/liblitesdcard'
make: se entra en el directorio '/home/cristhianhendes/digital_2/Digital-2/calculadora/build/colorlight_i5/software/liblitesata'
 CC       sata.o
 AR       liblitesata.a
make: se sale del directorio '/home/cristhianhendes/digital_2/Digital-2/calculadora/build/colorlight_i5/software/liblitesata'
make: se entra en el directorio '/home/cristhianhendes/digital_2/Digital-2/calculadora/build/colorlight_i5/software/bios'
 CC       crt0.o
 CC       boot-helper.o
 CC       boot.o
 CC       helpers.o
 CC       cmd_bios.o
 CC       cmd_mem.o
 CC       cmd_boot.o
 CC       cmd_i2c.o
 CC       cmd_spiflash.o
 CC       cmd_litedram.o
 CC       cmd_liteeth.o
 CC       cmd_litesdcard.o
 CC       cmd_litesata.o
 CC       sim_debug.o
 CC       main.o
 CC       complete.o
 CC       readline.o
 CC       bios.elf
/usr/lib/gcc/riscv64-unknown-elf/13.2.0/../../../riscv64-unknown-elf/bin/ld: warning: bios.elf has a LOAD segment with RWX permissions
chmod -x bios.elf
 OBJCOPY  bios.bin
chmod -x bios.bin
python3 -m litex.soc.software.crcfbigen bios.bin --little
python3 -m litex.soc.software.memusage bios.elf /home/cristhianhendes/digital_2/Digital-2/calculadora/build/colorlight_i5/software/bios/../include/generated/regions.ld riscv64-unknown-elf

ROM usage: 33.22KiB 	(25.96%)
SRAM usage: 3.01KiB 	(37.60%)
  .data: 0.36KiB
  .bss: 2.65KiB
  stack margin: 4.99KiB

make: se sale del directorio '/home/cristhianhendes/digital_2/Digital-2/calculadora/build/colorlight_i5/software/bios'
INFO:SoC:Initializing ROM rom with contents (Size: 0x84f0).
INFO:SoC:Auto-Resizing ROM rom from 0x20000 to 0x84f0.

 /----------------------------------------------------------------------------\
 |                                                                            |
 |  yosys -- Yosys Open SYnthesis Suite                                       |
 |                                                                            |
 |  Copyright (C) 2012 - 2020  Claire Xenia Wolf <claire@yosyshq.com>         |
 |                                                                            |
 |  Permission to use, copy, modify, and/or distribute this software for any  |
 |  purpose with or without fee is hereby granted, provided that the above    |
 |  copyright notice and this permission notice appear in all copies.         |
 |                                                                            |
 |  THE SOFTWARE IS PROVIDED "AS IS" AND THE AUTHOR DISCLAIMS ALL WARRANTIES  |
 |  WITH REGARD TO THIS SOFTWARE INCLUDING ALL IMPLIED WARRANTIES OF          |
 |  MERCHANTABILITY AND FITNESS. IN NO EVENT SHALL THE AUTHOR BE LIABLE FOR   |
 |  ANY SPECIAL, DIRECT, INDIRECT, OR CONSEQUENTIAL DAMAGES OR ANY DAMAGES    |
 |  WHATSOEVER RESULTING FROM LOSS OF USE, DATA OR PROFITS, WHETHER IN AN     |
 |  ACTION OF CONTRACT, NEGLIGENCE OR OTHER TORTIOUS ACTION, ARISING OUT OF   |
 |  OR IN CONNECTION WITH THE USE OR PERFORMANCE OF THIS SOFTWARE.            |
 |                                                                            |
 \----------------------------------------------------------------------------/

 Yosys 0.33 (git sha1 2584903a060)


-- Executing script file `colorlight_i5.ys' --

1. Executing Verilog-2005 frontend: /home/cristhianhendes/digital_2/Digital-2/calculadora/mult/rsr.v
Parsing Verilog input from `/home/cristhianhendes/digital_2/Digital-2/calculadora/mult/rsr.v' to AST representation.
Storing AST representation for module `$abstract\rsr'.
Successfully finished Verilog frontend.

2. Executing Verilog-2005 frontend: /home/cristhianhendes/digital_2/Digital-2/calculadora/mult/lsr_mult.v
Parsing Verilog input from `/home/cristhianhendes/digital_2/Digital-2/calculadora/mult/lsr_mult.v' to AST representation.
Storing AST representation for module `$abstract\lsr_mult'.
Successfully finished Verilog frontend.

3. Executing Verilog-2005 frontend: /home/cristhianhendes/digital_2/Digital-2/calculadora/mult/comp.v
Parsing Verilog input from `/home/cristhianhendes/digital_2/Digital-2/calculadora/mult/comp.v' to AST representation.
Storing AST representation for module `$abstract\comp'.
Successfully finished Verilog frontend.

4. Executing Verilog-2005 frontend: /home/cristhianhendes/digital_2/Digital-2/calculadora/mult/acc.v
Parsing Verilog input from `/home/cristhianhendes/digital_2/Digital-2/calculadora/mult/acc.v' to AST representation.
Storing AST representation for module `$abstract\acc'.
Successfully finished Verilog frontend.

5. Executing Verilog-2005 frontend: /home/cristhianhendes/digital_2/Digital-2/calculadora/mult/control_mult.v
Parsing Verilog input from `/home/cristhianhendes/digital_2/Digital-2/calculadora/mult/control_mult.v' to AST representation.
Storing AST representation for module `$abstract\control_mult'.
Successfully finished Verilog frontend.

6. Executing Verilog-2005 frontend: /home/cristhianhendes/digital_2/Digital-2/calculadora/mult/mult_32.v
Parsing Verilog input from `/home/cristhianhendes/digital_2/Digital-2/calculadora/mult/mult_32.v' to AST representation.
Storing AST representation for module `$abstract\mult_32'.
Successfully finished Verilog frontend.

7. Executing Verilog-2005 frontend: /home/cristhianhendes/digital_2/Digital-2/calculadora/ws2812/ctrl_wsled.v
Parsing Verilog input from `/home/cristhianhendes/digital_2/Digital-2/calculadora/ws2812/ctrl_wsled.v' to AST representation.
Storing AST representation for module `$abstract\ctrl_wsled'.
Successfully finished Verilog frontend.

8. Executing Verilog-2005 frontend: /home/cristhianhendes/digital_2/Digital-2/calculadora/ws2812/ws2812.v
Parsing Verilog input from `/home/cristhianhendes/digital_2/Digital-2/calculadora/ws2812/ws2812.v' to AST representation.
Storing AST representation for module `$abstract\ws2812'.
Successfully finished Verilog frontend.

9. Executing Verilog-2005 frontend: /home/cristhianhendes/digital_2/Digital-2/calculadora/ws2812/comp_ws_arr.v
Parsing Verilog input from `/home/cristhianhendes/digital_2/Digital-2/calculadora/ws2812/comp_ws_arr.v' to AST representation.
Storing AST representation for module `$abstract\comp_ws_arr'.
Successfully finished Verilog frontend.

10. Executing Verilog-2005 frontend: /home/cristhianhendes/digital_2/Digital-2/calculadora/ws2812/count_wsled.v
Parsing Verilog input from `/home/cristhianhendes/digital_2/Digital-2/calculadora/ws2812/count_wsled.v' to AST representation.
Storing AST representation for module `$abstract\count_wsled'.
Successfully finished Verilog frontend.

11. Executing Verilog-2005 frontend: /home/cristhianhendes/digital_2/Digital-2/calculadora/ws2812/ws2812_led_array.v
Parsing Verilog input from `/home/cristhianhendes/digital_2/Digital-2/calculadora/ws2812/ws2812_led_array.v' to AST representation.
Storing AST representation for module `$abstract\ws2812_led_array'.
Successfully finished Verilog frontend.

12. Executing Verilog-2005 frontend: /home/cristhianhendes/digital_2/Digital-2/calculadora/ws2812/ctrl_ws.v
Parsing Verilog input from `/home/cristhianhendes/digital_2/Digital-2/calculadora/ws2812/ctrl_ws.v' to AST representation.
Storing AST representation for module `$abstract\ctrl_ws'.
Successfully finished Verilog frontend.

13. Executing Verilog-2005 frontend: /home/cristhianhendes/digital_2/Digital-2/calculadora/ws2812/comp_ws.v
Parsing Verilog input from `/home/cristhianhendes/digital_2/Digital-2/calculadora/ws2812/comp_ws.v' to AST representation.
Storing AST representation for module `$abstract\comp_ws'.
Successfully finished Verilog frontend.

14. Executing Verilog-2005 frontend: /home/cristhianhendes/digital_2/Digital-2/calculadora/ws2812/count_ws.v
Parsing Verilog input from `/home/cristhianhendes/digital_2/Digital-2/calculadora/ws2812/count_ws.v' to AST representation.
Storing AST representation for module `$abstract\count_ws'.
Successfully finished Verilog frontend.

15. Executing Verilog-2005 frontend: /home/cristhianhendes/digital_2/Digital-2/calculadora/ws2812/lsr_wsled.v
Parsing Verilog input from `/home/cristhianhendes/digital_2/Digital-2/calculadora/ws2812/lsr_wsled.v' to AST representation.
Storing AST representation for module `$abstract\lsr_wsled'.
Successfully finished Verilog frontend.

16. Executing Verilog-2005 frontend: /home/cristhianhendes/digital_2/Digital-2/calculadora/ws2812/ws2812_led.v
Parsing Verilog input from `/home/cristhianhendes/digital_2/Digital-2/calculadora/ws2812/ws2812_led.v' to AST representation.
Storing AST representation for module `$abstract\ws2812_led'.
Successfully finished Verilog frontend.

17. Executing Verilog-2005 frontend: /home/cristhianhendes/digital_2/Digital-2/calculadora/ws2812/ws2812_periph.v
Parsing Verilog input from `/home/cristhianhendes/digital_2/Digital-2/calculadora/ws2812/ws2812_periph.v' to AST representation.
Storing AST representation for module `$abstract\ws2812_periph'.
Successfully finished Verilog frontend.

18. Executing Verilog-2005 frontend: /home/cristhianhendes/digital_2/Digital-2/calculadora/ws2812/count_addr.v
Parsing Verilog input from `/home/cristhianhendes/digital_2/Digital-2/calculadora/ws2812/count_addr.v' to AST representation.
Storing AST representation for module `$abstract\count_addr'.
Successfully finished Verilog frontend.

19. Executing Verilog-2005 frontend: /home/cristhianhendes/digital_2/Digital-2/calculadora/ws2812/ctrl_ws_arr.v
Parsing Verilog input from `/home/cristhianhendes/digital_2/Digital-2/calculadora/ws2812/ctrl_ws_arr.v' to AST representation.
Storing AST representation for module `$abstract\ctrl_ws_arr'.
Successfully finished Verilog frontend.

20. Executing Verilog-2005 frontend: /home/cristhianhendes/digital_2/Digital-2/calculadora/ws2812/led_mem_dual.v
Parsing Verilog input from `/home/cristhianhendes/digital_2/Digital-2/calculadora/ws2812/led_mem_dual.v' to AST representation.
Storing AST representation for module `$abstract\led_mem_dual'.
Successfully finished Verilog frontend.

21. Executing Verilog-2005 frontend: /home/cristhianhendes/digital_2/Digital-2/calculadora/ws2812/mux_ws.v
Parsing Verilog input from `/home/cristhianhendes/digital_2/Digital-2/calculadora/ws2812/mux_ws.v' to AST representation.
Storing AST representation for module `$abstract\mux_ws'.
Successfully finished Verilog frontend.

22. Executing Verilog-2005 frontend: /home/cristhianhendes/litex/pythondata-cpu-vexriscv/pythondata_cpu_vexriscv/verilog/VexRiscv.v
Parsing Verilog input from `/home/cristhianhendes/litex/pythondata-cpu-vexriscv/pythondata_cpu_vexriscv/verilog/VexRiscv.v' to AST representation.
Storing AST representation for module `$abstract\VexRiscv'.
Storing AST representation for module `$abstract\DataCache'.
Storing AST representation for module `$abstract\InstructionCache'.
Successfully finished Verilog frontend.

23. Executing Verilog-2005 frontend: /home/cristhianhendes/digital_2/Digital-2/calculadora/build/colorlight_i5/gateware/colorlight_i5.v
Parsing Verilog input from `/home/cristhianhendes/digital_2/Digital-2/calculadora/build/colorlight_i5/gateware/colorlight_i5.v' to AST representation.
Storing AST representation for module `$abstract\colorlight_i5'.
Successfully finished Verilog frontend.

24. Executing ATTRMAP pass (move or copy attributes).

25. Executing SYNTH_ECP5 pass.

25.1. Executing Verilog-2005 frontend: /usr/bin/../share/yosys/ecp5/cells_sim.v
Parsing Verilog input from `/usr/bin/../share/yosys/ecp5/cells_sim.v' to AST representation.
Generating RTLIL representation for module `\LUT4'.
Generating RTLIL representation for module `\$__ABC9_LUT5'.
Generating RTLIL representation for module `\$__ABC9_LUT6'.
Generating RTLIL representation for module `\$__ABC9_LUT7'.
Generating RTLIL representation for module `\L6MUX21'.
Generating RTLIL representation for module `\CCU2C'.
Generating RTLIL representation for module `\TRELLIS_RAM16X2'.
Generating RTLIL representation for module `\PFUMX'.
Generating RTLIL representation for module `\TRELLIS_DPR16X4'.
Generating RTLIL representation for module `\DPR16X4C'.
Generating RTLIL representation for module `\LUT2'.
Generating RTLIL representation for module `\TRELLIS_FF'.
Generating RTLIL representation for module `\TRELLIS_IO'.
Generating RTLIL representation for module `\INV'.
Generating RTLIL representation for module `\TRELLIS_COMB'.
Generating RTLIL representation for module `\DP16KD'.
Generating RTLIL representation for module `\FD1P3AX'.
Generating RTLIL representation for module `\FD1P3AY'.
Generating RTLIL representation for module `\FD1P3BX'.
Generating RTLIL representation for module `\FD1P3DX'.
Generating RTLIL representation for module `\FD1P3IX'.
Generating RTLIL representation for module `\FD1P3JX'.
Generating RTLIL representation for module `\FD1S3AX'.
Generating RTLIL representation for module `\FD1S3AY'.
Generating RTLIL representation for module `\FD1S3BX'.
Generating RTLIL representation for module `\FD1S3DX'.
Generating RTLIL representation for module `\FD1S3IX'.
Generating RTLIL representation for module `\FD1S3JX'.
Generating RTLIL representation for module `\IFS1P3BX'.
Generating RTLIL representation for module `\IFS1P3DX'.
Generating RTLIL representation for module `\IFS1P3IX'.
Generating RTLIL representation for module `\IFS1P3JX'.
Generating RTLIL representation for module `\OFS1P3BX'.
Generating RTLIL representation for module `\OFS1P3DX'.
Generating RTLIL representation for module `\OFS1P3IX'.
Generating RTLIL representation for module `\OFS1P3JX'.
Generating RTLIL representation for module `\IB'.
Generating RTLIL representation for module `\IBPU'.
Generating RTLIL representation for module `\IBPD'.
Generating RTLIL representation for module `\OB'.
Generating RTLIL representation for module `\OBZ'.
Generating RTLIL representation for module `\OBZPU'.
Generating RTLIL representation for module `\OBZPD'.
Generating RTLIL representation for module `\OBCO'.
Generating RTLIL representation for module `\BB'.
Generating RTLIL representation for module `\BBPU'.
Generating RTLIL representation for module `\BBPD'.
Generating RTLIL representation for module `\ILVDS'.
Generating RTLIL representation for module `\OLVDS'.
Successfully finished Verilog frontend.

25.2. Executing Verilog-2005 frontend: /usr/bin/../share/yosys/ecp5/cells_bb.v
Parsing Verilog input from `/usr/bin/../share/yosys/ecp5/cells_bb.v' to AST representation.
Generating RTLIL representation for module `\MULT18X18D'.
Generating RTLIL representation for module `\ALU54B'.
Generating RTLIL representation for module `\EHXPLLL'.
Generating RTLIL representation for module `\DTR'.
Generating RTLIL representation for module `\OSCG'.
Generating RTLIL representation for module `\USRMCLK'.
Generating RTLIL representation for module `\JTAGG'.
Generating RTLIL representation for module `\DELAYF'.
Generating RTLIL representation for module `\DELAYG'.
Generating RTLIL representation for module `\IDDRX1F'.
Generating RTLIL representation for module `\IDDRX2F'.
Generating RTLIL representation for module `\IDDR71B'.
Generating RTLIL representation for module `\IDDRX2DQA'.
Generating RTLIL representation for module `\ODDRX1F'.
Generating RTLIL representation for module `\ODDRX2F'.
Generating RTLIL representation for module `\ODDR71B'.
Generating RTLIL representation for module `\OSHX2A'.
Generating RTLIL representation for module `\ODDRX2DQA'.
Generating RTLIL representation for module `\ODDRX2DQSB'.
Generating RTLIL representation for module `\TSHX2DQA'.
Generating RTLIL representation for module `\TSHX2DQSA'.
Generating RTLIL representation for module `\DQSBUFM'.
Generating RTLIL representation for module `\DDRDLLA'.
Generating RTLIL representation for module `\DLLDELD'.
Generating RTLIL representation for module `\CLKDIVF'.
Generating RTLIL representation for module `\ECLKSYNCB'.
Generating RTLIL representation for module `\ECLKBRIDGECS'.
Generating RTLIL representation for module `\DCCA'.
Generating RTLIL representation for module `\DCSC'.
Generating RTLIL representation for module `\DCUA'.
Generating RTLIL representation for module `\EXTREFB'.
Generating RTLIL representation for module `\PCSCLKDIV'.
Generating RTLIL representation for module `\PUR'.
Generating RTLIL representation for module `\GSR'.
Generating RTLIL representation for module `\SGSR'.
Generating RTLIL representation for module `\PDPW16KD'.
Successfully finished Verilog frontend.

25.3. Executing HIERARCHY pass (managing design hierarchy).

25.4. Executing AST frontend in derive mode using pre-parsed AST for module `\colorlight_i5'.
Generating RTLIL representation for module `\colorlight_i5'.

25.4.1. Analyzing design hierarchy..
Top module:  \colorlight_i5

25.4.2. Executing AST frontend in derive mode using pre-parsed AST for module `\VexRiscv'.
Generating RTLIL representation for module `\VexRiscv'.

25.4.3. Executing AST frontend in derive mode using pre-parsed AST for module `\ws2812_periph'.
Generating RTLIL representation for module `\ws2812_periph'.

25.4.4. Executing AST frontend in derive mode using pre-parsed AST for module `\mult_32'.
Generating RTLIL representation for module `\mult_32'.

25.4.5. Analyzing design hierarchy..
Top module:  \colorlight_i5
Used module:     \VexRiscv
Used module:     \ws2812_periph
Used module:     \mult_32

25.4.6. Executing AST frontend in derive mode using pre-parsed AST for module `\control_mult'.
Generating RTLIL representation for module `\control_mult'.

25.4.7. Executing AST frontend in derive mode using pre-parsed AST for module `\acc'.
Generating RTLIL representation for module `\acc'.

25.4.8. Executing AST frontend in derive mode using pre-parsed AST for module `\comp'.
Generating RTLIL representation for module `\comp'.

25.4.9. Executing AST frontend in derive mode using pre-parsed AST for module `\lsr_mult'.
Generating RTLIL representation for module `\lsr_mult'.

25.4.10. Executing AST frontend in derive mode using pre-parsed AST for module `\rsr'.
Generating RTLIL representation for module `\rsr'.

25.4.11. Executing AST frontend in derive mode using pre-parsed AST for module `\comp_ws_arr'.
Generating RTLIL representation for module `\comp_ws_arr'.

25.4.12. Executing AST frontend in derive mode using pre-parsed AST for module `\ctrl_ws_arr'.
Generating RTLIL representation for module `\ctrl_ws_arr'.

25.4.13. Executing AST frontend in derive mode using pre-parsed AST for module `\count_addr'.
Generating RTLIL representation for module `\count_addr'.

25.4.14. Executing AST frontend in derive mode using pre-parsed AST for module `\ws2812_led'.
Generating RTLIL representation for module `\ws2812_led'.
Parameter \addr_lenght = 8

25.4.15. Executing AST frontend in derive mode using pre-parsed AST for module `\led_mem_dual'.
/home/cristhianhendes/digital_2/Digital-2/calculadora/ws2812/led_mem_dual.v:14: ERROR: Can not open file `./display.hex` for \$readmemh.
Traceback (most recent call last):
  File "/home/cristhianhendes/digital_2/Digital-2/calculadora/./colorlight_i5.py", line 289, in <module>
    main()
  File "/home/cristhianhendes/digital_2/Digital-2/calculadora/./colorlight_i5.py", line 282, in main
    builder.build(**parser.toolchain_argdict)
  File "/home/cristhianhendes/litex/litex/litex/soc/integration/builder.py", line 400, in build
    return self._build(**kwargs)
           ^^^^^^^^^^^^^^^^^^^^^
  File "/home/cristhianhendes/litex/litex/litex/soc/integration/builder.py", line 480, in _build
    vns = self.soc.build(build_dir=self.gateware_dir, **kwargs)
          ^^^^^^^^^^^^^^^^^^^^^^^^^^^^^^^^^^^^^^^^^^^^^^^^^^^^^
  File "/home/cristhianhendes/litex/litex/litex/soc/integration/soc.py", line 1820, in build
    return self.platform.build(self, *args, **kwargs)
           ^^^^^^^^^^^^^^^^^^^^^^^^^^^^^^^^^^^^^^^^^^
  File "/home/cristhianhendes/litex/litex/litex/build/lattice/platform.py", line 63, in build
    return self.toolchain.build(self, *args, **kwargs)
           ^^^^^^^^^^^^^^^^^^^^^^^^^^^^^^^^^^^^^^^^^^^
  File "/home/cristhianhendes/litex/litex/litex/build/lattice/trellis.py", line 69, in build
    return YosysNextPNRToolchain.build(self, platform, fragment, **kwargs)
           ^^^^^^^^^^^^^^^^^^^^^^^^^^^^^^^^^^^^^^^^^^^^^^^^^^^^^^^^^^^^^^^
  File "/home/cristhianhendes/litex/litex/litex/build/yosys_nextpnr_toolchain.py", line 127, in build
    return GenericToolchain.build(self, platform, fragment, **kwargs)
           ^^^^^^^^^^^^^^^^^^^^^^^^^^^^^^^^^^^^^^^^^^^^^^^^^^^^^^^^^^
  File "/home/cristhianhendes/litex/litex/litex/build/generic_toolchain.py", line 123, in build
    self.run_script(script)
  File "/home/cristhianhendes/litex/litex/litex/build/yosys_nextpnr_toolchain.py", line 234, in run_script
    raise OSError("Error occured during Yosys/Nextpnr's script execution.")
OSError: Error occured during Yosys/Nextpnr's script execution.
