
 /----------------------------------------------------------------------------\
 |                                                                            |
 |  yosys -- Yosys Open SYnthesis Suite                                       |
 |                                                                            |
 |  Copyright (C) 2012 - 2020  Claire Xenia Wolf <claire@yosyshq.com>         |
 |                                                                            |
 |  Permission to use, copy, modify, and/or distribute this software for any  |
 |  purpose with or without fee is hereby granted, provided that the above    |
 |  copyright notice and this permission notice appear in all copies.         |
 |                                                                            |
 |  THE SOFTWARE IS PROVIDED "AS IS" AND THE AUTHOR DISCLAIMS ALL WARRANTIES  |
 |  WITH REGARD TO THIS SOFTWARE INCLUDING ALL IMPLIED WARRANTIES OF          |
 |  MERCHANTABILITY AND FITNESS. IN NO EVENT SHALL THE AUTHOR BE LIABLE FOR   |
 |  ANY SPECIAL, DIRECT, INDIRECT, OR CONSEQUENTIAL DAMAGES OR ANY DAMAGES    |
 |  WHATSOEVER RESULTING FROM LOSS OF USE, DATA OR PROFITS, WHETHER IN AN     |
 |  ACTION OF CONTRACT, NEGLIGENCE OR OTHER TORTIOUS ACTION, ARISING OUT OF   |
 |  OR IN CONNECTION WITH THE USE OR PERFORMANCE OF THIS SOFTWARE.            |
 |                                                                            |
 \----------------------------------------------------------------------------/

 Yosys 0.33 (git sha1 2584903a060)


-- Executing script file `colorlight_i5.ys' --

1. Executing Verilog-2005 frontend: /home/cristhianhendes/digital_2/Digital-2/calculadora/mult/rsr.v
Parsing Verilog input from `/home/cristhianhendes/digital_2/Digital-2/calculadora/mult/rsr.v' to AST representation.
Storing AST representation for module `$abstract\rsr'.
Successfully finished Verilog frontend.

2. Executing Verilog-2005 frontend: /home/cristhianhendes/digital_2/Digital-2/calculadora/mult/lsr_mult.v
Parsing Verilog input from `/home/cristhianhendes/digital_2/Digital-2/calculadora/mult/lsr_mult.v' to AST representation.
Storing AST representation for module `$abstract\lsr_mult'.
Successfully finished Verilog frontend.

3. Executing Verilog-2005 frontend: /home/cristhianhendes/digital_2/Digital-2/calculadora/mult/comp.v
Parsing Verilog input from `/home/cristhianhendes/digital_2/Digital-2/calculadora/mult/comp.v' to AST representation.
Storing AST representation for module `$abstract\comp'.
Successfully finished Verilog frontend.

4. Executing Verilog-2005 frontend: /home/cristhianhendes/digital_2/Digital-2/calculadora/mult/acc.v
Parsing Verilog input from `/home/cristhianhendes/digital_2/Digital-2/calculadora/mult/acc.v' to AST representation.
Storing AST representation for module `$abstract\acc'.
Successfully finished Verilog frontend.

5. Executing Verilog-2005 frontend: /home/cristhianhendes/digital_2/Digital-2/calculadora/mult/control_mult.v
Parsing Verilog input from `/home/cristhianhendes/digital_2/Digital-2/calculadora/mult/control_mult.v' to AST representation.
Storing AST representation for module `$abstract\control_mult'.
Successfully finished Verilog frontend.

6. Executing Verilog-2005 frontend: /home/cristhianhendes/digital_2/Digital-2/calculadora/mult/mult_32.v
Parsing Verilog input from `/home/cristhianhendes/digital_2/Digital-2/calculadora/mult/mult_32.v' to AST representation.
Storing AST representation for module `$abstract\mult_32'.
Successfully finished Verilog frontend.

7. Executing Verilog-2005 frontend: /home/cristhianhendes/digital_2/Digital-2/calculadora/ws2812/ctrl_wsled.v
Parsing Verilog input from `/home/cristhianhendes/digital_2/Digital-2/calculadora/ws2812/ctrl_wsled.v' to AST representation.
Storing AST representation for module `$abstract\ctrl_wsled'.
Successfully finished Verilog frontend.

8. Executing Verilog-2005 frontend: /home/cristhianhendes/digital_2/Digital-2/calculadora/ws2812/ws2812.v
Parsing Verilog input from `/home/cristhianhendes/digital_2/Digital-2/calculadora/ws2812/ws2812.v' to AST representation.
Storing AST representation for module `$abstract\ws2812'.
Successfully finished Verilog frontend.

9. Executing Verilog-2005 frontend: /home/cristhianhendes/digital_2/Digital-2/calculadora/ws2812/comp_ws_arr.v
Parsing Verilog input from `/home/cristhianhendes/digital_2/Digital-2/calculadora/ws2812/comp_ws_arr.v' to AST representation.
Storing AST representation for module `$abstract\comp_ws_arr'.
Successfully finished Verilog frontend.

10. Executing Verilog-2005 frontend: /home/cristhianhendes/digital_2/Digital-2/calculadora/ws2812/count_wsled.v
Parsing Verilog input from `/home/cristhianhendes/digital_2/Digital-2/calculadora/ws2812/count_wsled.v' to AST representation.
Storing AST representation for module `$abstract\count_wsled'.
Successfully finished Verilog frontend.

11. Executing Verilog-2005 frontend: /home/cristhianhendes/digital_2/Digital-2/calculadora/ws2812/ws2812_led_array.v
Parsing Verilog input from `/home/cristhianhendes/digital_2/Digital-2/calculadora/ws2812/ws2812_led_array.v' to AST representation.
Storing AST representation for module `$abstract\ws2812_led_array'.
Successfully finished Verilog frontend.

12. Executing Verilog-2005 frontend: /home/cristhianhendes/digital_2/Digital-2/calculadora/ws2812/ctrl_ws.v
Parsing Verilog input from `/home/cristhianhendes/digital_2/Digital-2/calculadora/ws2812/ctrl_ws.v' to AST representation.
Storing AST representation for module `$abstract\ctrl_ws'.
Successfully finished Verilog frontend.

13. Executing Verilog-2005 frontend: /home/cristhianhendes/digital_2/Digital-2/calculadora/ws2812/comp_ws.v
Parsing Verilog input from `/home/cristhianhendes/digital_2/Digital-2/calculadora/ws2812/comp_ws.v' to AST representation.
Storing AST representation for module `$abstract\comp_ws'.
Successfully finished Verilog frontend.

14. Executing Verilog-2005 frontend: /home/cristhianhendes/digital_2/Digital-2/calculadora/ws2812/count_ws.v
Parsing Verilog input from `/home/cristhianhendes/digital_2/Digital-2/calculadora/ws2812/count_ws.v' to AST representation.
Storing AST representation for module `$abstract\count_ws'.
Successfully finished Verilog frontend.

15. Executing Verilog-2005 frontend: /home/cristhianhendes/digital_2/Digital-2/calculadora/ws2812/lsr_wsled.v
Parsing Verilog input from `/home/cristhianhendes/digital_2/Digital-2/calculadora/ws2812/lsr_wsled.v' to AST representation.
Storing AST representation for module `$abstract\lsr_wsled'.
Successfully finished Verilog frontend.

16. Executing Verilog-2005 frontend: /home/cristhianhendes/digital_2/Digital-2/calculadora/ws2812/ws2812_led.v
Parsing Verilog input from `/home/cristhianhendes/digital_2/Digital-2/calculadora/ws2812/ws2812_led.v' to AST representation.
Storing AST representation for module `$abstract\ws2812_led'.
Successfully finished Verilog frontend.

17. Executing Verilog-2005 frontend: /home/cristhianhendes/digital_2/Digital-2/calculadora/ws2812/ws2812_periph.v
Parsing Verilog input from `/home/cristhianhendes/digital_2/Digital-2/calculadora/ws2812/ws2812_periph.v' to AST representation.
Storing AST representation for module `$abstract\ws2812_periph'.
Successfully finished Verilog frontend.

18. Executing Verilog-2005 frontend: /home/cristhianhendes/digital_2/Digital-2/calculadora/ws2812/count_addr.v
Parsing Verilog input from `/home/cristhianhendes/digital_2/Digital-2/calculadora/ws2812/count_addr.v' to AST representation.
Storing AST representation for module `$abstract\count_addr'.
Successfully finished Verilog frontend.

19. Executing Verilog-2005 frontend: /home/cristhianhendes/digital_2/Digital-2/calculadora/ws2812/ctrl_ws_arr.v
Parsing Verilog input from `/home/cristhianhendes/digital_2/Digital-2/calculadora/ws2812/ctrl_ws_arr.v' to AST representation.
Storing AST representation for module `$abstract\ctrl_ws_arr'.
Successfully finished Verilog frontend.

20. Executing Verilog-2005 frontend: /home/cristhianhendes/digital_2/Digital-2/calculadora/ws2812/led_mem_dual.v
Parsing Verilog input from `/home/cristhianhendes/digital_2/Digital-2/calculadora/ws2812/led_mem_dual.v' to AST representation.
Storing AST representation for module `$abstract\led_mem_dual'.
Successfully finished Verilog frontend.

21. Executing Verilog-2005 frontend: /home/cristhianhendes/digital_2/Digital-2/calculadora/ws2812/mux_ws.v
Parsing Verilog input from `/home/cristhianhendes/digital_2/Digital-2/calculadora/ws2812/mux_ws.v' to AST representation.
Storing AST representation for module `$abstract\mux_ws'.
Successfully finished Verilog frontend.

22. Executing Verilog-2005 frontend: /home/cristhianhendes/litex/pythondata-cpu-vexriscv/pythondata_cpu_vexriscv/verilog/VexRiscv.v
Parsing Verilog input from `/home/cristhianhendes/litex/pythondata-cpu-vexriscv/pythondata_cpu_vexriscv/verilog/VexRiscv.v' to AST representation.
Storing AST representation for module `$abstract\VexRiscv'.
Storing AST representation for module `$abstract\DataCache'.
Storing AST representation for module `$abstract\InstructionCache'.
Successfully finished Verilog frontend.

23. Executing Verilog-2005 frontend: /home/cristhianhendes/digital_2/Digital-2/calculadora/build/colorlight_i5/gateware/colorlight_i5.v
Parsing Verilog input from `/home/cristhianhendes/digital_2/Digital-2/calculadora/build/colorlight_i5/gateware/colorlight_i5.v' to AST representation.
Storing AST representation for module `$abstract\colorlight_i5'.
Successfully finished Verilog frontend.

24. Executing ATTRMAP pass (move or copy attributes).

25. Executing SYNTH_ECP5 pass.

25.1. Executing Verilog-2005 frontend: /usr/bin/../share/yosys/ecp5/cells_sim.v
Parsing Verilog input from `/usr/bin/../share/yosys/ecp5/cells_sim.v' to AST representation.
Generating RTLIL representation for module `\LUT4'.
Generating RTLIL representation for module `\$__ABC9_LUT5'.
Generating RTLIL representation for module `\$__ABC9_LUT6'.
Generating RTLIL representation for module `\$__ABC9_LUT7'.
Generating RTLIL representation for module `\L6MUX21'.
Generating RTLIL representation for module `\CCU2C'.
Generating RTLIL representation for module `\TRELLIS_RAM16X2'.
Generating RTLIL representation for module `\PFUMX'.
Generating RTLIL representation for module `\TRELLIS_DPR16X4'.
Generating RTLIL representation for module `\DPR16X4C'.
Generating RTLIL representation for module `\LUT2'.
Generating RTLIL representation for module `\TRELLIS_FF'.
Generating RTLIL representation for module `\TRELLIS_IO'.
Generating RTLIL representation for module `\INV'.
Generating RTLIL representation for module `\TRELLIS_COMB'.
Generating RTLIL representation for module `\DP16KD'.
Generating RTLIL representation for module `\FD1P3AX'.
Generating RTLIL representation for module `\FD1P3AY'.
Generating RTLIL representation for module `\FD1P3BX'.
Generating RTLIL representation for module `\FD1P3DX'.
Generating RTLIL representation for module `\FD1P3IX'.
Generating RTLIL representation for module `\FD1P3JX'.
Generating RTLIL representation for module `\FD1S3AX'.
Generating RTLIL representation for module `\FD1S3AY'.
Generating RTLIL representation for module `\FD1S3BX'.
Generating RTLIL representation for module `\FD1S3DX'.
Generating RTLIL representation for module `\FD1S3IX'.
Generating RTLIL representation for module `\FD1S3JX'.
Generating RTLIL representation for module `\IFS1P3BX'.
Generating RTLIL representation for module `\IFS1P3DX'.
Generating RTLIL representation for module `\IFS1P3IX'.
Generating RTLIL representation for module `\IFS1P3JX'.
Generating RTLIL representation for module `\OFS1P3BX'.
Generating RTLIL representation for module `\OFS1P3DX'.
Generating RTLIL representation for module `\OFS1P3IX'.
Generating RTLIL representation for module `\OFS1P3JX'.
Generating RTLIL representation for module `\IB'.
Generating RTLIL representation for module `\IBPU'.
Generating RTLIL representation for module `\IBPD'.
Generating RTLIL representation for module `\OB'.
Generating RTLIL representation for module `\OBZ'.
Generating RTLIL representation for module `\OBZPU'.
Generating RTLIL representation for module `\OBZPD'.
Generating RTLIL representation for module `\OBCO'.
Generating RTLIL representation for module `\BB'.
Generating RTLIL representation for module `\BBPU'.
Generating RTLIL representation for module `\BBPD'.
Generating RTLIL representation for module `\ILVDS'.
Generating RTLIL representation for module `\OLVDS'.
Successfully finished Verilog frontend.

25.2. Executing Verilog-2005 frontend: /usr/bin/../share/yosys/ecp5/cells_bb.v
Parsing Verilog input from `/usr/bin/../share/yosys/ecp5/cells_bb.v' to AST representation.
Generating RTLIL representation for module `\MULT18X18D'.
Generating RTLIL representation for module `\ALU54B'.
Generating RTLIL representation for module `\EHXPLLL'.
Generating RTLIL representation for module `\DTR'.
Generating RTLIL representation for module `\OSCG'.
Generating RTLIL representation for module `\USRMCLK'.
Generating RTLIL representation for module `\JTAGG'.
Generating RTLIL representation for module `\DELAYF'.
Generating RTLIL representation for module `\DELAYG'.
Generating RTLIL representation for module `\IDDRX1F'.
Generating RTLIL representation for module `\IDDRX2F'.
Generating RTLIL representation for module `\IDDR71B'.
Generating RTLIL representation for module `\IDDRX2DQA'.
Generating RTLIL representation for module `\ODDRX1F'.
Generating RTLIL representation for module `\ODDRX2F'.
Generating RTLIL representation for module `\ODDR71B'.
Generating RTLIL representation for module `\OSHX2A'.
Generating RTLIL representation for module `\ODDRX2DQA'.
Generating RTLIL representation for module `\ODDRX2DQSB'.
Generating RTLIL representation for module `\TSHX2DQA'.
Generating RTLIL representation for module `\TSHX2DQSA'.
Generating RTLIL representation for module `\DQSBUFM'.
Generating RTLIL representation for module `\DDRDLLA'.
Generating RTLIL representation for module `\DLLDELD'.
Generating RTLIL representation for module `\CLKDIVF'.
Generating RTLIL representation for module `\ECLKSYNCB'.
Generating RTLIL representation for module `\ECLKBRIDGECS'.
Generating RTLIL representation for module `\DCCA'.
Generating RTLIL representation for module `\DCSC'.
Generating RTLIL representation for module `\DCUA'.
Generating RTLIL representation for module `\EXTREFB'.
Generating RTLIL representation for module `\PCSCLKDIV'.
Generating RTLIL representation for module `\PUR'.
Generating RTLIL representation for module `\GSR'.
Generating RTLIL representation for module `\SGSR'.
Generating RTLIL representation for module `\PDPW16KD'.
Successfully finished Verilog frontend.

25.3. Executing HIERARCHY pass (managing design hierarchy).

25.4. Executing AST frontend in derive mode using pre-parsed AST for module `\colorlight_i5'.
Generating RTLIL representation for module `\colorlight_i5'.

25.4.1. Analyzing design hierarchy..
Top module:  \colorlight_i5

25.4.2. Executing AST frontend in derive mode using pre-parsed AST for module `\VexRiscv'.
Generating RTLIL representation for module `\VexRiscv'.

25.4.3. Executing AST frontend in derive mode using pre-parsed AST for module `\ws2812_periph'.
Generating RTLIL representation for module `\ws2812_periph'.

25.4.4. Executing AST frontend in derive mode using pre-parsed AST for module `\mult_32'.
Generating RTLIL representation for module `\mult_32'.

25.4.5. Analyzing design hierarchy..
Top module:  \colorlight_i5
Used module:     \VexRiscv
Used module:     \ws2812_periph
Used module:     \mult_32

25.4.6. Executing AST frontend in derive mode using pre-parsed AST for module `\control_mult'.
Generating RTLIL representation for module `\control_mult'.

25.4.7. Executing AST frontend in derive mode using pre-parsed AST for module `\acc'.
Generating RTLIL representation for module `\acc'.

25.4.8. Executing AST frontend in derive mode using pre-parsed AST for module `\comp'.
Generating RTLIL representation for module `\comp'.

25.4.9. Executing AST frontend in derive mode using pre-parsed AST for module `\lsr_mult'.
Generating RTLIL representation for module `\lsr_mult'.

25.4.10. Executing AST frontend in derive mode using pre-parsed AST for module `\rsr'.
Generating RTLIL representation for module `\rsr'.

25.4.11. Executing AST frontend in derive mode using pre-parsed AST for module `\comp_ws_arr'.
Generating RTLIL representation for module `\comp_ws_arr'.

25.4.12. Executing AST frontend in derive mode using pre-parsed AST for module `\ctrl_ws_arr'.
Generating RTLIL representation for module `\ctrl_ws_arr'.

25.4.13. Executing AST frontend in derive mode using pre-parsed AST for module `\count_addr'.
Generating RTLIL representation for module `\count_addr'.

25.4.14. Executing AST frontend in derive mode using pre-parsed AST for module `\ws2812_led'.
Generating RTLIL representation for module `\ws2812_led'.
Parameter \addr_lenght = 8

25.4.15. Executing AST frontend in derive mode using pre-parsed AST for module `\led_mem_dual'.
Parameter \addr_lenght = 8
Generating RTLIL representation for module `$paramod\led_mem_dual\addr_lenght=s32'00000000000000000000000000001000'.
/home/cristhianhendes/digital_2/Digital-2/calculadora/ws2812/led_mem_dual.v:14: ERROR: Can not open file `./display.hex` for \$readmemh.
